************* Module recon3d.types
src/recon3d/types.py:15:0: C0301: Line too long (105/100) (line-too-long)
src/recon3d/types.py:59:0: C0301: Line too long (121/100) (line-too-long)
src/recon3d/types.py:146:0: C0301: Line too long (105/100) (line-too-long)
src/recon3d/types.py:343:0: C0301: Line too long (137/100) (line-too-long)
src/recon3d/types.py:345:0: C0301: Line too long (130/100) (line-too-long)
src/recon3d/types.py:415:0: C0301: Line too long (150/100) (line-too-long)
src/recon3d/types.py:417:0: C0301: Line too long (171/100) (line-too-long)
src/recon3d/types.py:436:0: C0301: Line too long (169/100) (line-too-long)
src/recon3d/types.py:438:0: C0301: Line too long (189/100) (line-too-long)
src/recon3d/types.py:457:0: C0301: Line too long (118/100) (line-too-long)
src/recon3d/types.py:459:0: C0301: Line too long (119/100) (line-too-long)
src/recon3d/types.py:500:0: C0301: Line too long (146/100) (line-too-long)
src/recon3d/types.py:502:0: C0301: Line too long (169/100) (line-too-long)
src/recon3d/types.py:525:0: C0301: Line too long (154/100) (line-too-long)
src/recon3d/types.py:527:0: C0301: Line too long (173/100) (line-too-long)
src/recon3d/types.py:639:0: C0301: Line too long (121/100) (line-too-long)
src/recon3d/types.py:87:0: E0401: Unable to import 'numpy' (import-error)
src/recon3d/types.py:88:0: E0401: Unable to import 'numpy.typing' (import-error)
src/recon3d/types.py:300:10: E1136: Value 'np.ndarray' is unsubscriptable (unsubscriptable-object)
src/recon3d/types.py:350:17: E1136: Value 'np.ndarray' is unsubscriptable (unsubscriptable-object)
src/recon3d/types.py:678:18: E1136: Value 'np.ndarray' is unsubscriptable (unsubscriptable-object)
************* Module recon3d.downscale
src/recon3d/downscale.py:52:0: C0301: Line too long (103/100) (line-too-long)
src/recon3d/downscale.py:92:0: C0301: Line too long (123/100) (line-too-long)
src/recon3d/downscale.py:153:0: C0301: Line too long (138/100) (line-too-long)
src/recon3d/downscale.py:343:0: C0301: Line too long (155/100) (line-too-long)
src/recon3d/downscale.py:111:5: W0511: TODO: check this function with RGB image stack as input (fixme)
src/recon3d/downscale.py:172:33: W0511: TODO should we restrict the dimensions to 3? (fixme)
src/recon3d/downscale.py:181:33: W0511: TODO should we restrict the dimensions to 3 (fixme)
src/recon3d/downscale.py:221:5: W0511: TODO: functionalize and test (fixme)
src/recon3d/downscale.py:228:5: W0511: TODO: functionalize and test (fixme)
src/recon3d/downscale.py:35:0: E0401: Unable to import 'numpy' (import-error)
src/recon3d/downscale.py:36:0: E0401: Unable to import 'scipy' (import-error)
src/recon3d/downscale.py:37:0: E0401: Unable to import 'pyevtk.hl' (import-error)
src/recon3d/downscale.py:113:4: C0103: Variable name "N" doesn't conform to snake_case naming style (invalid-name)
src/recon3d/downscale.py:118:4: W0632: Possible unbalanced tuple unpacking with sequence '()': left side has 6 labels, right side has 0 values (unbalanced-tuple-unpacking)
src/recon3d/downscale.py:123:0: R0914: Too many local variables (30/15) (too-many-locals)
src/recon3d/downscale.py:148:8: R1714: Consider merging these comparisons with 'in' by using 'output_stack_type in ('downscaled', 'bounding_box', 'padded')'. Use a set instead if elements are hashable. (consider-using-in)
************* Module recon3d.instance_analysis
src/recon3d/instance_analysis.py:2:0: C0301: Line too long (104/100) (line-too-long)
src/recon3d/instance_analysis.py:4:0: C0301: Line too long (109/100) (line-too-long)
src/recon3d/instance_analysis.py:161:0: C0301: Line too long (121/100) (line-too-long)
src/recon3d/instance_analysis.py:162:0: C0301: Line too long (113/100) (line-too-long)
src/recon3d/instance_analysis.py:164:0: C0301: Line too long (135/100) (line-too-long)
src/recon3d/instance_analysis.py:219:0: C0301: Line too long (120/100) (line-too-long)
src/recon3d/instance_analysis.py:220:0: C0301: Line too long (121/100) (line-too-long)
src/recon3d/instance_analysis.py:221:0: C0301: Line too long (113/100) (line-too-long)
src/recon3d/instance_analysis.py:223:0: C0301: Line too long (135/100) (line-too-long)
src/recon3d/instance_analysis.py:258:0: C0301: Line too long (101/100) (line-too-long)
src/recon3d/instance_analysis.py:259:0: C0301: Line too long (101/100) (line-too-long)
src/recon3d/instance_analysis.py:296:0: C0301: Line too long (101/100) (line-too-long)
src/recon3d/instance_analysis.py:297:0: C0301: Line too long (101/100) (line-too-long)
src/recon3d/instance_analysis.py:376:0: C0301: Line too long (101/100) (line-too-long)
src/recon3d/instance_analysis.py:390:0: C0301: Line too long (117/100) (line-too-long)
src/recon3d/instance_analysis.py:391:0: C0301: Line too long (121/100) (line-too-long)
src/recon3d/instance_analysis.py:392:0: C0301: Line too long (113/100) (line-too-long)
src/recon3d/instance_analysis.py:394:0: C0301: Line too long (562/100) (line-too-long)
src/recon3d/instance_analysis.py:442:0: C0301: Line too long (112/100) (line-too-long)
src/recon3d/instance_analysis.py:598:0: C0301: Line too long (807/100) (line-too-long)
src/recon3d/instance_analysis.py:629:0: C0301: Line too long (124/100) (line-too-long)
src/recon3d/instance_analysis.py:660:0: C0301: Line too long (111/100) (line-too-long)
src/recon3d/instance_analysis.py:661:0: C0301: Line too long (111/100) (line-too-long)
src/recon3d/instance_analysis.py:662:0: C0301: Line too long (110/100) (line-too-long)
src/recon3d/instance_analysis.py:665:0: C0301: Line too long (275/100) (line-too-long)
src/recon3d/instance_analysis.py:773:0: C0301: Line too long (102/100) (line-too-long)
src/recon3d/instance_analysis.py:839:0: C0301: Line too long (107/100) (line-too-long)
src/recon3d/instance_analysis.py:967:0: C0301: Line too long (586/100) (line-too-long)
src/recon3d/instance_analysis.py:1096:0: C0301: Line too long (2574/100) (line-too-long)
src/recon3d/instance_analysis.py:1192:0: C0301: Line too long (108/100) (line-too-long)
src/recon3d/instance_analysis.py:1297:0: C0301: Line too long (102/100) (line-too-long)
src/recon3d/instance_analysis.py:1298:0: C0301: Line too long (106/100) (line-too-long)
src/recon3d/instance_analysis.py:1299:0: C0301: Line too long (108/100) (line-too-long)
src/recon3d/instance_analysis.py:1300:0: C0301: Line too long (106/100) (line-too-long)
src/recon3d/instance_analysis.py:1:0: C0302: Too many lines in module (1327/1000) (too-many-lines)
src/recon3d/instance_analysis.py:8:1: W0511: TODO Integrate with HDF writing (fixme)
src/recon3d/instance_analysis.py:9:1: W0511: TODO Integrate with feature measurements (fixme)
src/recon3d/instance_analysis.py:10:1: W0511: TODO Use constants for Z axis in other module (fixme)
src/recon3d/instance_analysis.py:11:1: W0511: TODO Simplify/Impose structure for image directory (would be dataset directory in HDF) (fixme)
src/recon3d/instance_analysis.py:13:1: W0511: TODO Devise better solution for multiphase support without if/else blocks (fixme)
src/recon3d/instance_analysis.py:428:5: W0511: TODO: math to account for change in length as function (fixme)
src/recon3d/instance_analysis.py:634:1: W0511: TODO (fixme)
src/recon3d/instance_analysis.py:814:5: W0511: # TODO: test functionality (fixme)
src/recon3d/instance_analysis.py:996:1: W0511: TODO remove hardcoding here with yml config type (fixme)
src/recon3d/instance_analysis.py:1258:9: W0511: TODO not implemented instance indices yet (fixme)
src/recon3d/instance_analysis.py:21:0: E0401: Unable to import 'h5py' (import-error)
src/recon3d/instance_analysis.py:22:0: E0401: Unable to import 'numpy' (import-error)
src/recon3d/instance_analysis.py:23:0: E0401: Unable to import 'numpy.typing' (import-error)
src/recon3d/instance_analysis.py:25:0: E0401: Unable to import 'PIL' (import-error)
src/recon3d/instance_analysis.py:26:0: E0401: Unable to import 'skimage.io' (import-error)
src/recon3d/instance_analysis.py:27:0: E0401: Unable to import 'sklearn.neighbors' (import-error)
src/recon3d/instance_analysis.py:29:0: E0401: Unable to import 'scipy' (import-error)
src/recon3d/instance_analysis.py:30:0: E0401: Unable to import 'skimage.measure' (import-error)
src/recon3d/instance_analysis.py:31:0: E0401: Unable to import 'cc3d' (import-error)
src/recon3d/instance_analysis.py:32:0: E0401: Unable to import 'fastremap' (import-error)
src/recon3d/instance_analysis.py:38:0: W0401: Wildcard import recon3d.types (wildcard-import)
src/recon3d/instance_analysis.py:69:13: E1136: Value 'np.ndarray' is unsubscriptable (unsubscriptable-object)
src/recon3d/instance_analysis.py:136:13: E1136: Value 'np.ndarray' is unsubscriptable (unsubscriptable-object)
src/recon3d/instance_analysis.py:361:0: R0914: Too many local variables (26/15) (too-many-locals)
src/recon3d/instance_analysis.py:721:0: R0914: Too many local variables (24/15) (too-many-locals)
src/recon3d/instance_analysis.py:1047:0: R0914: Too many local variables (23/15) (too-many-locals)
src/recon3d/instance_analysis.py:1212:4: W0612: Unused variable 'n_semantic_labels' (unused-variable)
src/recon3d/instance_analysis.py:24:0: C0411: standard import "pathlib.Path" should be placed before third party imports "h5py", "numpy", "numpy.typing" (wrong-import-order)
src/recon3d/instance_analysis.py:17:0: W0611: Unused import glob (unused-import)
src/recon3d/instance_analysis.py:18:0: W0611: Unused Final imported from typing (unused-import)
src/recon3d/instance_analysis.py:18:0: W0611: Unused NamedTuple imported from typing (unused-import)
src/recon3d/instance_analysis.py:18:0: W0611: Unused Type imported from typing (unused-import)
src/recon3d/instance_analysis.py:18:0: W0611: Unused List imported from typing (unused-import)
src/recon3d/instance_analysis.py:21:0: W0611: Unused import h5py (unused-import)
src/recon3d/instance_analysis.py:23:0: W0611: Unused numpy.typing imported as npt (unused-import)
src/recon3d/instance_analysis.py:25:0: W0611: Unused Image imported from PIL (unused-import)
src/recon3d/instance_analysis.py:26:0: W0611: Unused skimage.io imported as skio (unused-import)
src/recon3d/instance_analysis.py:29:0: W0611: Unused ndimage imported from scipy (unused-import)
src/recon3d/instance_analysis.py:30:0: W0611: Unused label imported from skimage.measure (unused-import)
src/recon3d/instance_analysis.py:30:0: W0611: Unused regionprops imported from skimage.measure (unused-import)
src/recon3d/instance_analysis.py:38:0: W0614: Unused import(s) npt, CartesianAxis2D, CartesianAxis3D, Angle, EquivalentSphereDiameters, ImageStack, VoidDescriptorEllipsoidAngles, VoidDescriptorFittingParameters, VoidDescriptorProperties, VoidDescriptorPoreProperties, Enum and IntEnum from wildcard import of recon3d.types (unused-wildcard-import)
************* Module recon3d.hdf_io
src/recon3d/hdf_io.py:27:0: C0301: Line too long (117/100) (line-too-long)
src/recon3d/hdf_io.py:91:0: C0301: Line too long (108/100) (line-too-long)
src/recon3d/hdf_io.py:126:0: C0301: Line too long (115/100) (line-too-long)
src/recon3d/hdf_io.py:133:0: C0301: Line too long (102/100) (line-too-long)
src/recon3d/hdf_io.py:137:0: C0301: Line too long (117/100) (line-too-long)
src/recon3d/hdf_io.py:169:0: C0301: Line too long (109/100) (line-too-long)
src/recon3d/hdf_io.py:214:0: C0301: Line too long (125/100) (line-too-long)
src/recon3d/hdf_io.py:224:0: C0301: Line too long (104/100) (line-too-long)
src/recon3d/hdf_io.py:692:0: C0301: Line too long (118/100) (line-too-long)
src/recon3d/hdf_io.py:879:0: C0301: Line too long (117/100) (line-too-long)
src/recon3d/hdf_io.py:881:0: C0301: Line too long (147/100) (line-too-long)
src/recon3d/hdf_io.py:964:0: C0301: Line too long (117/100) (line-too-long)
src/recon3d/hdf_io.py:1012:0: C0301: Line too long (113/100) (line-too-long)
src/recon3d/hdf_io.py:1:0: C0302: Too many lines in module (1057/1000) (too-many-lines)
src/recon3d/hdf_io.py:190:21: W0511: compression="gzip", #TODO 4/2/24 compression not allowing read in HDF_View (fixme)
src/recon3d/hdf_io.py:270:5: W0511: TODO 4/2/2024 write metadata as attributes (fixme)
src/recon3d/hdf_io.py:272:5: W0511: TODO 5/7/2024 make metadata strings add to h5 (fixme)
src/recon3d/hdf_io.py:663:5: W0511: TODO: AP, write out as single variable length data instead of individual datasets (currently) (fixme)
src/recon3d/hdf_io.py:692:5: W0511: ):  # TODO: why does the instance_indices.labels not return the correct type, instead it provides the ndarray... (fixme)
src/recon3d/hdf_io.py:1002:5: W0511: TODO add alternative to ingest npy data dir (fixme)
src/recon3d/hdf_io.py:75:0: E0401: Unable to import 'numpy' (import-error)
src/recon3d/hdf_io.py:76:0: E0401: Unable to import 'h5py' (import-error)
src/recon3d/hdf_io.py:80:0: W0401: Wildcard import recon3d.types (wildcard-import)
src/recon3d/hdf_io.py:115:0: R0913: Too many arguments (6/5) (too-many-arguments)
src/recon3d/hdf_io.py:115:0: R0917: Too many positional arguments (6/5) (too-many-positional-arguments)
src/recon3d/hdf_io.py:183:12: R1705: Unnecessary "else" after "return", remove the "else" and de-indent the code inside it (no-else-return)
src/recon3d/hdf_io.py:200:8: R1705: Unnecessary "elif" after "return", remove the leading "el" from "elif" (no-else-return)
src/recon3d/hdf_io.py:218:0: R1711: Useless return at end of function or method (useless-return)
src/recon3d/hdf_io.py:666:4: W0101: Unreachable code (unreachable)
src/recon3d/hdf_io.py:828:4: W0612: Unused variable 'aa' (unused-variable)
src/recon3d/hdf_io.py:77:0: C0411: standard import "functools.singledispatch" should be placed before third party imports "numpy", "h5py" (wrong-import-order)
src/recon3d/hdf_io.py:80:0: W0614: Unused import(s) npt, CartesianAxis2D, CartesianAxis3D, DataVolume, Units, UnitVector, Angle, Area, InstanceLabels, Length, NVoxel, Volume, Centroid, EllipsoidAxis, EquivalentSphereDiameters, Origin, Resolution, BestFitEllipsoid, MetaData, ImageStack, VoidDescriptorEllipsoidAngles, VoidDescriptorFittingParameters, VoidDescriptorProperties, VoidDescriptorPoreProperties, NamedTuple, Enum and IntEnum from wildcard import of recon3d.types (unused-wildcard-import)
************* Module recon3d.constants
src/recon3d/constants.py:29:0: E0401: Unable to import 'numpy' (import-error)
************* Module recon3d.utility
src/recon3d/utility.py:154:0: C0301: Line too long (102/100) (line-too-long)
src/recon3d/utility.py:174:0: C0301: Line too long (102/100) (line-too-long)
src/recon3d/utility.py:181:0: C0301: Line too long (164/100) (line-too-long)
src/recon3d/utility.py:191:0: C0301: Line too long (104/100) (line-too-long)
src/recon3d/utility.py:192:0: C0301: Line too long (105/100) (line-too-long)
src/recon3d/utility.py:192:0: C0301: Line too long (105/100) (line-too-long)
src/recon3d/utility.py:325:0: C0301: Line too long (114/100) (line-too-long)
src/recon3d/utility.py:326:0: C0301: Line too long (107/100) (line-too-long)
src/recon3d/utility.py:327:0: C0301: Line too long (103/100) (line-too-long)
src/recon3d/utility.py:357:0: C0301: Line too long (114/100) (line-too-long)
src/recon3d/utility.py:358:0: C0301: Line too long (107/100) (line-too-long)
src/recon3d/utility.py:359:0: C0301: Line too long (103/100) (line-too-long)
src/recon3d/utility.py:411:0: C0301: Line too long (1046/100) (line-too-long)
src/recon3d/utility.py:522:0: C0301: Line too long (476/100) (line-too-long)
src/recon3d/utility.py:586:0: C0301: Line too long (111/100) (line-too-long)
src/recon3d/utility.py:587:0: C0301: Line too long (111/100) (line-too-long)
src/recon3d/utility.py:588:0: C0301: Line too long (110/100) (line-too-long)
src/recon3d/utility.py:631:0: C0301: Line too long (111/100) (line-too-long)
src/recon3d/utility.py:632:0: C0301: Line too long (111/100) (line-too-long)
src/recon3d/utility.py:633:0: C0301: Line too long (110/100) (line-too-long)
src/recon3d/utility.py:636:0: C0301: Line too long (115/100) (line-too-long)
src/recon3d/utility.py:637:0: C0301: Line too long (116/100) (line-too-long)
src/recon3d/utility.py:638:0: C0301: Line too long (110/100) (line-too-long)
src/recon3d/utility.py:752:0: C0301: Line too long (118/100) (line-too-long)
src/recon3d/utility.py:880:0: C0301: Line too long (106/100) (line-too-long)
src/recon3d/utility.py:881:0: C0301: Line too long (105/100) (line-too-long)
src/recon3d/utility.py:1205:0: C0301: Line too long (104/100) (line-too-long)
src/recon3d/utility.py:1:0: C0302: Too many lines in module (1285/1000) (too-many-lines)
src/recon3d/utility.py:113:5: W0511: TODO remove hardcodes and impart flexibility from here to ut.ndarray_to_img call (fixme)
src/recon3d/utility.py:14:0: E0401: Unable to import 'h5py' (import-error)
src/recon3d/utility.py:15:0: E0401: Unable to import 'numpy' (import-error)
src/recon3d/utility.py:16:0: E0401: Unable to import 'yaml' (import-error)
src/recon3d/utility.py:17:0: E0401: Unable to import 'PIL' (import-error)
src/recon3d/utility.py:18:0: E0401: Unable to import 'scipy' (import-error)
src/recon3d/utility.py:19:0: E0401: Unable to import 'skimage' (import-error)
src/recon3d/utility.py:20:0: E0401: Unable to import 'skimage.io' (import-error)
src/recon3d/utility.py:23:0: W0401: Wildcard import recon3d.types (wildcard-import)
src/recon3d/utility.py:107:4: R1720: Unnecessary "else" after "raise", remove the "else" and de-indent the code inside it (no-else-raise)
src/recon3d/utility.py:310:30: W0612: Unused variable 'params' (unused-variable)
src/recon3d/utility.py:384:0: R0914: Too many local variables (24/15) (too-many-locals)
src/recon3d/utility.py:497:0: R0914: Too many local variables (19/15) (too-many-locals)
src/recon3d/utility.py:606:0: R0914: Too many local variables (16/15) (too-many-locals)
src/recon3d/utility.py:1161:0: R0913: Too many arguments (6/5) (too-many-arguments)
src/recon3d/utility.py:19:0: W0611: Unused import skimage (unused-import)
src/recon3d/utility.py:20:0: W0611: Unused skimage.io imported as skio (unused-import)
src/recon3d/utility.py:23:0: W0614: Unused import(s) npt, CartesianAxis2D, Angle, NthNearestNeighbors, EquivalentSphereDiameters, ImageStack, InstanceImageStack, InstanceIndices, SemanticImageStack, VoidDescriptorEllipsoidAngles, VoidDescriptorFittingParameters, VoidDescriptorProperties, VoidDescriptorPoreProperties, NamedTuple, Enum and IntEnum from wildcard import of recon3d.types (unused-wildcard-import)
************* Module recon3d.voxel_to_mesh
src/recon3d/voxel_to_mesh.py:221:5: W0511: TODO: Check if the z-order needs to be reveresed based on the CT serial (fixme)
src/recon3d/voxel_to_mesh.py:10:0: E0401: Unable to import 'numpy' (import-error)
src/recon3d/voxel_to_mesh.py:11:0: E0401: Unable to import 'yaml' (import-error)
src/recon3d/voxel_to_mesh.py:14:0: E0401: Unable to import 'automesh' (import-error)
src/recon3d/voxel_to_mesh.py:118:0: R0914: Too many local variables (17/15) (too-many-locals)
src/recon3d/voxel_to_mesh.py:245:11: W0718: Catching too general exception Exception (broad-exception-caught)
src/recon3d/voxel_to_mesh.py:118:0: R0915: Too many statements (56/50) (too-many-statements)
************* Module recon3d.static_test_paths
src/recon3d/static_test_paths.py:1:0: C0114: Missing module docstring (missing-module-docstring)
src/recon3d/static_test_paths.py:1:0: R0801: Similar lines in 2 files
==recon3d.downscale:[401:431]
==recon3d.instance_analysis:[1289:1320]
    return True


def main():
    """
    Command-line interface for running instance analysis on image stacks.

    This function serves as the entry point for terminal-based access to the instance analysis module.
    It is invoked from the command line using the 'instance_analysis' command specified in pyproject.toml.
    The function processes a YAML input file to create a semantic image stack and performs instance analysis
    on all semantic label classes within the stack. The results, including instance stacks and properties,
    are saved into an HDF5 file.

    Parameters
    ----------
    None

    Returns
    -------
    None

    Examples
    --------
    To run the instance analysis, use the following command in the terminal:
    $ instance_analysis path/to/input.yml
    """

    parser = argparse.ArgumentParser()
    parser.add_argument("input_file", help="the .yml user input file")
    args = parser.parse_args()
    input_file = args.input_file (duplicate-code)
src/recon3d/static_test_paths.py:1:0: R0401: Cyclic import (recon3d.hdf_io -> recon3d.instance_analysis) (cyclic-import)

-----------------------------------
Your code has been rated at 6.83/10

